<?xml version="1.0" encoding="UTF-8"?>
<!-- Generated by org.testng.reporters.JUnitReportReporter -->
<testsuite hostname="Automata" name="generalScripting.Question.Two.FoodTest" tests="2" failures="0" timestamp="28 Jun 2017 14:24:25 GMT" time="9.169" errors="0">
  <testcase name="findingFoodTest" time="4.314" classname="generalScripting.Question.Two.FoodTest"/>
  <testcase name="foodsServingTest" time="4.855" classname="generalScripting.Question.Two.FoodTest"/>
</testsuite> <!-- generalScripting.Question.Two.FoodTest -->
