<?xml version="1.0" encoding="UTF-8"?>
<!-- Generated by org.testng.reporters.JUnitReportReporter -->
<testsuite hostname="Automata" name="generalScripting.Question.Two.FoodTest" tests="2" failures="0" timestamp="8 Jul 2017 01:34:30 GMT" time="11.628" errors="0">
  <testcase name="findingFoodTest" time="4.339" classname="generalScripting.Question.Two.FoodTest"/>
  <testcase name="foodsServingTest" time="7.289" classname="generalScripting.Question.Two.FoodTest"/>
</testsuite> <!-- generalScripting.Question.Two.FoodTest -->
