<?xml version="1.0" encoding="UTF-8"?>
<!-- Generated by org.testng.reporters.JUnitReportReporter -->
<testsuite hostname="Automata" name="generalScripting.Question.Two.FoodTest" tests="2" failures="0" timestamp="28 Jun 2017 14:13:34 GMT" time="8.932" errors="0">
  <testcase name="findingFoodTest" time="3.849" classname="generalScripting.Question.Two.FoodTest"/>
  <testcase name="foodsServingTest" time="5.083" classname="generalScripting.Question.Two.FoodTest"/>
</testsuite> <!-- generalScripting.Question.Two.FoodTest -->
