<?xml version="1.0" encoding="UTF-8"?>
<!-- Generated by org.testng.reporters.JUnitReportReporter -->
<testsuite hostname="Automata" name="generalScripting.Question.Two.FoodTest" tests="2" failures="0" timestamp="14 Jun 2017 12:09:56 GMT" time="9.137" errors="0">
  <testcase name="findingFoodTest" time="4.170" classname="generalScripting.Question.Two.FoodTest"/>
  <testcase name="foodsServingTest" time="4.967" classname="generalScripting.Question.Two.FoodTest"/>
</testsuite> <!-- generalScripting.Question.Two.FoodTest -->
